<?xml version="1.0" encoding="UTF-8"?>
<testng-results skipped="0" failed="0" total="2" passed="2">
  <reporter-output>
  </reporter-output>
  <suite name="Default suite" duration-ms="17424" started-at="2020-10-20T12:18:47Z" finished-at="2020-10-20T12:19:05Z">
    <groups>
    </groups>
    <test name="Default test" duration-ms="17424" started-at="2020-10-20T12:18:47Z" finished-at="2020-10-20T12:19:05Z">
      <class name="com.qa.phpTravels.pageTests.HomeTest">
        <test-method status="PASS" signature="setup()[pri:0, instance:com.qa.phpTravels.pageTests.HomeTest@62e136d3]" name="setup" is-config="true" duration-ms="15765" started-at="2020-10-20T17:48:47Z" finished-at="2020-10-20T17:49:03Z">
          <reporter-output>
          </reporter-output>
        </test-method> <!-- setup -->
        <test-method status="PASS" signature="countLinksTEST()[pri:0, instance:com.qa.phpTravels.pageTests.HomeTest@62e136d3]" name="countLinksTEST" duration-ms="1436" started-at="2020-10-20T17:49:03Z" finished-at="2020-10-20T17:49:05Z">
          <reporter-output>
          </reporter-output>
        </test-method> <!-- countLinksTEST -->
        <test-method status="PASS" signature="is_presentTEST()[pri:0, instance:com.qa.phpTravels.pageTests.HomeTest@62e136d3]" name="is_presentTEST" duration-ms="212" started-at="2020-10-20T17:49:05Z" finished-at="2020-10-20T17:49:05Z">
          <reporter-output>
          </reporter-output>
        </test-method> <!-- is_presentTEST -->
        <test-method status="PASS" signature="closure()[pri:0, instance:com.qa.phpTravels.pageTests.HomeTest@62e136d3]" name="closure" is-config="true" duration-ms="0" started-at="2020-10-20T17:49:05Z" finished-at="2020-10-20T17:49:05Z">
          <reporter-output>
          </reporter-output>
        </test-method> <!-- closure -->
      </class> <!-- com.qa.phpTravels.pageTests.HomeTest -->
    </test> <!-- Default test -->
  </suite> <!-- Default suite -->
</testng-results>
